2023-04-21 15:56:12.288 - DBeaver 23.0.2.202304091457 is starting
2023-04-21 15:56:12.290 - OS: Windows 10 10.0 (amd64)
2023-04-21 15:56:12.290 - Java version: 17.0.6 by Eclipse Adoptium (64bit)
2023-04-21 15:56:12.291 - Install path: 'C:\Users\jungmin\AppData\Local\DBeaver'
2023-04-21 15:56:12.291 - Instance path: 'file:/C:/Users/jungmin/Desktop/intellij_workspace/study_springboot/dbeaver_workspace/'
2023-04-21 15:56:12.292 - Memory available 64Mb/1024Mb
2023-04-21 15:56:12.312 - Create display
> Start Eclipse IDE UI [org.eclipse.ui.ide 3.20.0.v20221027-2208]
2023-04-21 15:56:12.556 - Initializing DBeaver 23.0.2
2023-04-21 15:56:12.558 - Host plugin: org.jkiss.dbeaver.ui.app.standalone 23.0.2.202304091457
2023-04-21 15:56:12.559 - Initialize desktop platform...
2023-04-21 15:56:12.842 - BounceCastle bundle found. Use JCE provider BC
> Start Core File Systems [org.eclipse.core.filesystem 1.9.500.v20220817-1539]
> Start Core Resource Management [org.eclipse.core.resources 3.18.100.v20221025-2047]
> Start 팀 지원 핵심 [org.eclipse.team.core 3.9.600.v20220902-2219]
> Start DBeaver UI Navigator [org.jkiss.dbeaver.ui.navigator 1.0.103.202304091457]
2023-04-21 15:56:13.622 - 
2023-04-21 15:56:13.623 - 	Refreshing workspace.
2023-04-21 15:56:13.625 - Refreshing workspace contents
2023-04-21 15:56:13.859 - Initialize base platform...
> Start Expression Language [org.eclipse.core.expressions 3.8.200.v20220613-1047]
2023-04-21 15:56:13.919 - Platform initialized (1360ms)
> Start DBeaver UI Editors - Base [org.jkiss.dbeaver.ui.editors.base 1.0.103.202304091457]
2023-04-21 15:56:13.946 - Starting RMI server at 45803
2023-04-21 15:56:14.098 - Run workbench
> Start DBeaver UI [org.jkiss.dbeaver.ui 5.1.118.202304091457]
> Start Eclipse e4 작업영역 SWT [org.eclipse.e4.ui.workbench.swt 0.16.700.v20221024-2137]
> Start Eclipse Application Services [org.eclipse.e4.core.services 2.3.400.v20220915-1347]
> Start Eclipse UI Application Services [org.eclipse.e4.ui.services 1.5.100.v20221024-2137]
> Start Eclipse e4 Progress View [org.eclipse.e4.ui.progress 0.3.600.v20221024-2137]
> Start EMF XML/XMI Persistence [org.eclipse.emf.ecore.xmi 2.17.0.v20220817-1334]
> Start Eclipse CSS SWT Theme Support [org.eclipse.e4.ui.css.swt.theme 0.13.200.v20221024-2137]
> Start Eclipse e4 작업영역 기능 추가 [org.eclipse.e4.ui.workbench.addons.swt 1.4.500.v20221028-0801]
> Start Eclipse e4 작업영역 SWT 렌더러 [org.eclipse.e4.ui.workbench.renderers.swt 0.15.700.v20221024-2137]
> Start Eclipse Bindings Support [org.eclipse.e4.ui.bindings 0.13.200.v20221024-2137]
> Start Eclipse Dependency Injection Extensions [org.eclipse.e4.core.di.extensions 0.17.200.v20220613-1008]
> Start Eclipse CSS SWT Support [org.eclipse.e4.ui.css.swt 0.14.700.v20221102-0748]
> Start Java Native Access [com.sun.jna 5.12.1.v20221103-2317]
Warning: NLS unused message: BlockedJobsDialog_UserInterfaceTreeElement in: org.eclipse.ui.internal.progress.messages
2023-04-21 15:56:16.720 - Configure workbench window
> Start 도움말 시스템 코어 [org.eclipse.help 3.9.100.v20210721-0601]
2023-04-21 15:56:16.945 - Create actions
2023-04-21 15:56:16.966 - Disable Eclipse action set 'org.eclipse.ui.edit.text.actionSet.annotationNavigation'
2023-04-21 15:56:16.967 - Disable Eclipse action set 'org.eclipse.ui.WorkingSetActionSet'
2023-04-21 15:56:16.969 - Disable Eclipse action set 'org.eclipse.ui.actionSet.openFiles'
2023-04-21 15:56:18.505 - Initialize workbench window
2023-04-21 15:56:18.510 - Finish initialization
> Start DBeaver UI Editors - Data [org.jkiss.dbeaver.ui.editors.data 1.0.103.202304091457]
> Start Equinox Java Authentication and Authorization Service (JAAS) [org.eclipse.equinox.security 1.3.1000.v20220801-1135]
> Start 인터넷 연결 관리 사용자 인터페이스 [org.eclipse.ui.net 1.4.100.v20220812-1406]
> Start Internet Connection Management [org.eclipse.core.net 1.4.0.v20220813-1037]
> Start Draw2d [org.eclipse.draw2dl 3.12.100.20230406122456]
> Start GEF3 GEF (MVC) [org.eclipse.gef3 3.12.100.20230406122456]
> Start DBeaver ERD UI [org.jkiss.dbeaver.erd.ui 3.0.63.202304091457]
> Start DBeaver ERD Model [org.jkiss.dbeaver.erd.model 1.0.63.202304091457]
> Start DBeaver SQL Model [org.jkiss.dbeaver.model.sql 1.0.93.202304091457]
Warning: NLS unused message: actions_navigator__objects in: org.jkiss.dbeaver.ui.editors.sql.internal.SQLEditorMessages
> Start DBeaver UI Editors - SQL [org.jkiss.dbeaver.ui.editors.sql 1.0.103.202304091457]
2023-04-21 15:56:19.580 - Total database drivers: 102 (102)
> Start 기본 문서 편집기 [org.eclipse.ui.editors 3.14.400.v20220730-1844]
> Start 텍스트 편집기 프레임워크 [org.eclipse.ui.workbench.texteditor 3.16.600.v20220809-1658]
> Start DBeaver Sample Database [org.jkiss.dbeaver.ext.sample.database 1.0.140.202304091457]
> Start DBeaver Tip of the day [org.jkiss.dbeaver.ext.ui.tipoftheday 1.0.109.202304091457]
2023-04-21 15:56:21.931 - Open [https://dbeaver.io/product/version.xml]
> Start DBeaver UI Editors - Connections [org.jkiss.dbeaver.ui.editors.connection 1.0.94.202304091457]
> Start DBeaver Oracle UI [org.jkiss.dbeaver.ext.oracle.ui 1.0.90.202304091457]
> Start DBeaver Oracle Support [org.jkiss.dbeaver.ext.oracle 2.1.188.202304091457]
2023-04-21 15:56:48.522 - Auth model 'native' was replaced by 'oracle_native'
2023-04-21 15:56:48.557 - Service 'org.jkiss.dbeaver.runtime.ui.UIServiceSecurity' not found
2023-04-21 15:57:20.872 - Connect with 'jdbc:oracle:thin:@//localhost:1521/XE' (oracle_thin-187a29a67c9-5f1c7f32335dfbe8)
2023-04-21 15:57:20.902 - Execution context opened (jdbc:oracle:thin:@//localhost:1521/XE; Main; 0)
2023-04-21 15:57:21.359 - Connected (oracle_thin-187a29a67c9-5f1c7f32335dfbe8, Oracle JDBC driver [11.2.0.2.0])
2023-04-21 15:57:21.414 - Execution context closed (jdbc:oracle:thin:@//localhost:1521/XE, 0)
2023-04-21 15:57:21.414 - Disconnected (oracle_thin-187a29a67c9-5f1c7f32335dfbe8)
2023-04-21 15:57:24.197 - Connect with 'localhost' (oracle_thin-187a299e904-515d753debfaf5c8)
2023-04-21 15:57:24.200 - Execution context opened (localhost; Main; 1)
2023-04-21 15:57:24.228 - Execution context opened (localhost; Metadata; 2)
2023-04-21 15:57:24.258 - Connected (oracle_thin-187a299e904-515d753debfaf5c8, Oracle JDBC driver [11.2.0.2.0])
> Start 핵심 비교 지원 [org.eclipse.compare.core 3.7.100.v20220812-1406]
> Start 콘솔 [org.eclipse.ui.console 3.11.400.v20221012-0524]
Warning: NLS unused message: InputStreamMonitor_label in: org.eclipse.debug.internal.core.DebugCoreMessages
Warning: NLS unused message: OutputStreamMonitor_label in: org.eclipse.debug.internal.core.DebugCoreMessages
> Start 디버그 핵심 [org.eclipse.debug.core 3.20.0.v20220811-0741]
2023-04-21 16:09:33.678 - Auth model 'native' was replaced by 'oracle_native'
2023-04-21 16:09:33.700 - Service 'org.jkiss.dbeaver.runtime.ui.UIServiceSecurity' not found
2023-04-21 16:09:42.674 - Connect with 'jdbc:oracle:thin:@//localhost:1521/XE' (oracle_thin-187a2a5b97c-35dd74922b0beef6)
2023-04-21 16:09:42.676 - Execution context opened (jdbc:oracle:thin:@//localhost:1521/XE; Main; 3)
2023-04-21 16:09:42.717 - Connected (oracle_thin-187a2a5b97c-35dd74922b0beef6, Oracle JDBC driver [11.2.0.2.0])
2023-04-21 16:09:42.769 - Execution context closed (jdbc:oracle:thin:@//localhost:1521/XE, 3)
2023-04-21 16:09:42.769 - Disconnected (oracle_thin-187a2a5b97c-35dd74922b0beef6)
2023-04-21 16:09:44.968 - Connect with 'localhost' (oracle_thin-187a2a5960b-39ca2f39af53417c)
2023-04-21 16:09:44.969 - Execution context opened (localhost; Main; 4)
2023-04-21 16:09:44.997 - Execution context opened (localhost; Metadata; 5)
2023-04-21 16:09:45.044 - Connected (oracle_thin-187a2a5960b-39ca2f39af53417c, Oracle JDBC driver [11.2.0.2.0])
